{"C:\\Users\\THINKPAD-I5 Pro EVO\\Desktop\\Software developtment\\react-projects\\src\\App.tsx": {"path":"C:\\Users\\THINKPAD-I5 Pro EVO\\Desktop\\Software developtment\\react-projects\\src\\App.tsx","statementMap":{"0":{"start":{"line":1,"column":0},"end":{"line":1,"column":64}},"1":{"start":{"line":2,"column":0},"end":{"line":2,"column":58}},"2":{"start":{"line":3,"column":0},"end":{"line":3,"column":73}},"3":{"start":{"line":4,"column":0},"end":{"line":4,"column":49}},"4":{"start":{"line":7,"column":2},"end":{"line":17,"column":4}},"5":{"start":{"line":6,"column":0},"end":{"line":6,"column":24}}},"fnMap":{"0":{"name":"App","decl":{"start":{"line":6,"column":24},"end":{"line":6,"column":27}},"loc":{"start":{"line":6,"column":27},"end":{"line":18,"column":1}}}},"branchMap":{},"s":{"0":0,"1":0,"2":0,"3":0,"4":0,"5":0},"f":{"0":0},"b":{}}
,"C:\\Users\\THINKPAD-I5 Pro EVO\\Desktop\\Software developtment\\react-projects\\src\\main.tsx": {"path":"C:\\Users\\THINKPAD-I5 Pro EVO\\Desktop\\Software developtment\\react-projects\\src\\main.tsx","statementMap":{"0":{"start":{"line":1,"column":0},"end":{"line":1,"column":26}},"1":{"start":{"line":2,"column":0},"end":{"line":2,"column":40}},"2":{"start":{"line":3,"column":0},"end":{"line":3,"column":24}},"3":{"start":{"line":4,"column":0},"end":{"line":4,"column":69}},"4":{"start":{"line":5,"column":0},"end":{"line":5,"column":66}},"5":{"start":{"line":7,"column":0},"end":{"line":13,"column":2}}},"fnMap":{},"branchMap":{},"s":{"0":0,"1":0,"2":0,"3":0,"4":0,"5":0},"f":{},"b":{}}
,"C:\\Users\\THINKPAD-I5 Pro EVO\\Desktop\\Software developtment\\react-projects\\src\\vite-env.d.ts": {"path":"C:\\Users\\THINKPAD-I5 Pro EVO\\Desktop\\Software developtment\\react-projects\\src\\vite-env.d.ts","statementMap":{},"fnMap":{},"branchMap":{},"s":{},"f":{},"b":{}}
,"C:\\Users\\THINKPAD-I5 Pro EVO\\Desktop\\Software developtment\\react-projects\\src\\components\\CallToAction\\CallToAction.tsx": {"path":"C:\\Users\\THINKPAD-I5 Pro EVO\\Desktop\\Software developtment\\react-projects\\src\\components\\CallToAction\\CallToAction.tsx","statementMap":{"0":{"start":{"line":2,"column":0},"end":{"line":2,"column":28}},"1":{"start":{"line":3,"column":0},"end":{"line":3,"column":40}},"2":{"start":{"line":10,"column":2},"end":{"line":18,"column":4}},"3":{"start":{"line":5,"column":0},"end":{"line":5,"column":24}}},"fnMap":{"0":{"name":"CallToAction","decl":{"start":{"line":5,"column":24},"end":{"line":5,"column":36}},"loc":{"start":{"line":9,"column":14},"end":{"line":19,"column":1}}}},"branchMap":{"0":{"loc":{"start":{"line":13,"column":7},"end":{"line":13,"column":75}},"type":"binary-expr","locations":[{"start":{"line":13,"column":7},"end":{"line":13,"column":24}},{"start":{"line":13,"column":28},"end":{"line":13,"column":75}}]},"1":{"loc":{"start":{"line":15,"column":9},"end":{"line":15,"column":32}},"type":"binary-expr","locations":[{"start":{"line":15,"column":9},"end":{"line":15,"column":19}},{"start":{"line":15,"column":23},"end":{"line":15,"column":32}}]}},"s":{"0":0,"1":0,"2":0,"3":0},"f":{"0":0},"b":{"0":[0,0],"1":[0,0]}}
,"C:\\Users\\THINKPAD-I5 Pro EVO\\Desktop\\Software developtment\\react-projects\\src\\components\\Card\\Card.tsx": {"path":"C:\\Users\\THINKPAD-I5 Pro EVO\\Desktop\\Software developtment\\react-projects\\src\\components\\Card\\Card.tsx","statementMap":{"0":{"start":{"line":2,"column":0},"end":{"line":2,"column":20}},"1":{"start":{"line":6,"column":2},"end":{"line":16,"column":4}},"2":{"start":{"line":5,"column":0},"end":{"line":5,"column":24}}},"fnMap":{"0":{"name":"Card","decl":{"start":{"line":5,"column":24},"end":{"line":5,"column":28}},"loc":{"start":{"line":5,"column":76},"end":{"line":17,"column":1}}}},"branchMap":{},"s":{"0":0,"1":0,"2":0},"f":{"0":0},"b":{}}
,"C:\\Users\\THINKPAD-I5 Pro EVO\\Desktop\\Software developtment\\react-projects\\src\\components\\Chicago\\Chicago.tsx": {"path":"C:\\Users\\THINKPAD-I5 Pro EVO\\Desktop\\Software developtment\\react-projects\\src\\components\\Chicago\\Chicago.tsx","statementMap":{"0":{"start":{"line":1,"column":0},"end":{"line":1,"column":26}},"1":{"start":{"line":2,"column":0},"end":{"line":2,"column":45}},"2":{"start":{"line":3,"column":0},"end":{"line":3,"column":45}},"3":{"start":{"line":4,"column":0},"end":{"line":4,"column":23}},"4":{"start":{"line":7,"column":2},"end":{"line":27,"column":4}},"5":{"start":{"line":6,"column":0},"end":{"line":6,"column":24}}},"fnMap":{"0":{"name":"Chicago","decl":{"start":{"line":6,"column":24},"end":{"line":6,"column":31}},"loc":{"start":{"line":6,"column":31},"end":{"line":28,"column":1}}}},"branchMap":{},"s":{"0":0,"1":0,"2":0,"3":0,"4":0,"5":0},"f":{"0":0},"b":{}}
,"C:\\Users\\THINKPAD-I5 Pro EVO\\Desktop\\Software developtment\\react-projects\\src\\components\\CustomersSay\\CustomerSay.tsx": {"path":"C:\\Users\\THINKPAD-I5 Pro EVO\\Desktop\\Software developtment\\react-projects\\src\\components\\CustomersSay\\CustomerSay.tsx","statementMap":{"0":{"start":{"line":2,"column":0},"end":{"line":2,"column":27}},"1":{"start":{"line":5,"column":2},"end":{"line":14,"column":4}},"2":{"start":{"line":4,"column":0},"end":{"line":4,"column":24}}},"fnMap":{"0":{"name":"CustomerSay","decl":{"start":{"line":4,"column":24},"end":{"line":4,"column":35}},"loc":{"start":{"line":4,"column":35},"end":{"line":15,"column":1}}}},"branchMap":{},"s":{"0":0,"1":0,"2":0},"f":{"0":0},"b":{}}
,"C:\\Users\\THINKPAD-I5 Pro EVO\\Desktop\\Software developtment\\react-projects\\src\\components\\ErrorBoundary\\ErrorBoundary.tsx": {"path":"C:\\Users\\THINKPAD-I5 Pro EVO\\Desktop\\Software developtment\\react-projects\\src\\components\\ErrorBoundary\\ErrorBoundary.tsx","statementMap":{"0":{"start":{"line":2,"column":0},"end":{"line":2,"column":41}},"1":{"start":{"line":10,"column":4},"end":{"line":10,"column":17}},"2":{"start":{"line":11,"column":4},"end":{"line":11,"column":37}},"3":{"start":{"line":15,"column":4},"end":{"line":15,"column":36}},"4":{"start":{"line":16,"column":4},"end":{"line":16,"column":30}},"5":{"start":{"line":20,"column":4},"end":{"line":20,"column":43}},"6":{"start":{"line":21,"column":4},"end":{"line":21,"column":58}},"7":{"start":{"line":22,"column":4},"end":{"line":22,"column":38}},"8":{"start":{"line":26,"column":4},"end":{"line":28,"column":5}},"9":{"start":{"line":27,"column":6},"end":{"line":27,"column":33}},"10":{"start":{"line":30,"column":4},"end":{"line":30,"column":31}},"11":{"start":{"line":5,"column":0},"end":{"line":5,"column":21}}},"fnMap":{"0":{"name":"(anonymous_0)","decl":{"start":{"line":9,"column":2},"end":{"line":9,"column":14}},"loc":{"start":{"line":9,"column":39},"end":{"line":12,"column":3}}},"1":{"name":"(anonymous_1)","decl":{"start":{"line":14,"column":2},"end":{"line":14,"column":8}},"loc":{"start":{"line":14,"column":46},"end":{"line":17,"column":3}}},"2":{"name":"(anonymous_2)","decl":{"start":{"line":19,"column":2},"end":{"line":19,"column":19}},"loc":{"start":{"line":19,"column":60},"end":{"line":23,"column":3}}},"3":{"name":"(anonymous_3)","decl":{"start":{"line":25,"column":2},"end":{"line":25,"column":8}},"loc":{"start":{"line":25,"column":8},"end":{"line":31,"column":3}}}},"branchMap":{"0":{"loc":{"start":{"line":26,"column":4},"end":{"line":28,"column":5}},"type":"if","locations":[{"start":{"line":26,"column":4},"end":{"line":28,"column":5}}]}},"s":{"0":0,"1":0,"2":0,"3":0,"4":0,"5":0,"6":0,"7":0,"8":0,"9":0,"10":0,"11":0},"f":{"0":0,"1":0,"2":0,"3":0},"b":{"0":[0]}}
,"C:\\Users\\THINKPAD-I5 Pro EVO\\Desktop\\Software developtment\\react-projects\\src\\components\\ErrorMessage\\ErrorMessage.tsx": {"path":"C:\\Users\\THINKPAD-I5 Pro EVO\\Desktop\\Software developtment\\react-projects\\src\\components\\ErrorMessage\\ErrorMessage.tsx","statementMap":{"0":{"start":{"line":1,"column":0},"end":{"line":1,"column":28}},"1":{"start":{"line":4,"column":2},"end":{"line":8,"column":4}},"2":{"start":{"line":3,"column":0},"end":{"line":3,"column":24}}},"fnMap":{"0":{"name":"ErrorMessage","decl":{"start":{"line":3,"column":24},"end":{"line":3,"column":36}},"loc":{"start":{"line":3,"column":36},"end":{"line":9,"column":1}}}},"branchMap":{},"s":{"0":0,"1":0,"2":0},"f":{"0":0},"b":{}}
,"C:\\Users\\THINKPAD-I5 Pro EVO\\Desktop\\Software developtment\\react-projects\\src\\components\\Footer\\Footer.tsx": {"path":"C:\\Users\\THINKPAD-I5 Pro EVO\\Desktop\\Software developtment\\react-projects\\src\\components\\Footer\\Footer.tsx","statementMap":{"0":{"start":{"line":2,"column":0},"end":{"line":2,"column":43}},"1":{"start":{"line":3,"column":0},"end":{"line":3,"column":22}},"2":{"start":{"line":6,"column":2},"end":{"line":59,"column":4}},"3":{"start":{"line":5,"column":0},"end":{"line":5,"column":24}}},"fnMap":{"0":{"name":"Footer","decl":{"start":{"line":5,"column":24},"end":{"line":5,"column":30}},"loc":{"start":{"line":5,"column":30},"end":{"line":60,"column":1}}}},"branchMap":{},"s":{"0":0,"1":0,"2":0,"3":0},"f":{"0":0},"b":{}}
,"C:\\Users\\THINKPAD-I5 Pro EVO\\Desktop\\Software developtment\\react-projects\\src\\components\\Header\\Header.tsx": {"path":"C:\\Users\\THINKPAD-I5 Pro EVO\\Desktop\\Software developtment\\react-projects\\src\\components\\Header\\Header.tsx","statementMap":{"0":{"start":{"line":2,"column":0},"end":{"line":2,"column":38}},"1":{"start":{"line":3,"column":0},"end":{"line":3,"column":41}},"2":{"start":{"line":4,"column":0},"end":{"line":4,"column":22}},"3":{"start":{"line":7,"column":2},"end":{"line":20,"column":4}},"4":{"start":{"line":6,"column":0},"end":{"line":6,"column":24}}},"fnMap":{"0":{"name":"Header","decl":{"start":{"line":6,"column":24},"end":{"line":6,"column":30}},"loc":{"start":{"line":6,"column":30},"end":{"line":21,"column":1}}}},"branchMap":{},"s":{"0":0,"1":0,"2":0,"3":0,"4":0},"f":{"0":0},"b":{}}
,"C:\\Users\\THINKPAD-I5 Pro EVO\\Desktop\\Software developtment\\react-projects\\src\\components\\NavBar\\NavBar.tsx": {"path":"C:\\Users\\THINKPAD-I5 Pro EVO\\Desktop\\Software developtment\\react-projects\\src\\components\\NavBar\\NavBar.tsx","statementMap":{"0":{"start":{"line":2,"column":0},"end":{"line":2,"column":26}},"1":{"start":{"line":3,"column":0},"end":{"line":3,"column":22}},"2":{"start":{"line":4,"column":0},"end":{"line":4,"column":40}},"3":{"start":{"line":12,"column":2},"end":{"line":35,"column":4}},"4":{"start":{"line":24,"column":12},"end":{"line":26,"column":null}},"5":{"start":{"line":11,"column":0},"end":{"line":11,"column":24}}},"fnMap":{"0":{"name":"NavBar","decl":{"start":{"line":11,"column":24},"end":{"line":11,"column":30}},"loc":{"start":{"line":11,"column":61},"end":{"line":36,"column":1}}},"1":{"name":"(anonymous_2)","decl":{"start":{"line":23,"column":20},"end":{"line":23,"column":21}},"loc":{"start":{"line":24,"column":12},"end":{"line":26,"column":null}}}},"branchMap":{},"s":{"0":0,"1":0,"2":0,"3":0,"4":0,"5":0},"f":{"0":0,"1":0},"b":{}}
,"C:\\Users\\THINKPAD-I5 Pro EVO\\Desktop\\Software developtment\\react-projects\\src\\components\\ReservationForm\\ReservationForm.tsx": {"path":"C:\\Users\\THINKPAD-I5 Pro EVO\\Desktop\\Software developtment\\react-projects\\src\\components\\ReservationForm\\ReservationForm.tsx","statementMap":{"0":{"start":{"line":1,"column":0},"end":{"line":1,"column":44}},"1":{"start":{"line":2,"column":0},"end":{"line":2,"column":60}},"2":{"start":{"line":3,"column":0},"end":{"line":3,"column":31}},"3":{"start":{"line":5,"column":0},"end":{"line":5,"column":47}},"4":{"start":{"line":23,"column":6},"end":{"line":23,"column":10}},"5":{"start":{"line":24,"column":36},"end":{"line":24,"column":51}},"6":{"start":{"line":25,"column":19},"end":{"line":25,"column":32}},"7":{"start":{"line":27,"column":2},"end":{"line":36,"column":28}},"8":{"start":{"line":28,"column":4},"end":{"line":35,"column":5}},"9":{"start":{"line":29,"column":25},"end":{"line":29,"column":39}},"10":{"start":{"line":30,"column":28},"end":{"line":32,"column":32}},"11":{"start":{"line":34,"column":6},"end":{"line":34,"column":66}},"12":{"start":{"line":38,"column":24},"end":{"line":64,"column":3}},"13":{"start":{"line":39,"column":4},"end":{"line":63,"column":5}},"14":{"start":{"line":49,"column":6},"end":{"line":59,"column":7}},"15":{"start":{"line":50,"column":23},"end":{"line":50,"column":44}},"16":{"start":{"line":51,"column":8},"end":{"line":55,"column":9}},"17":{"start":{"line":52,"column":10},"end":{"line":52,"column":70}},"18":{"start":{"line":53,"column":10},"end":{"line":53,"column":30}},"19":{"start":{"line":54,"column":10},"end":{"line":54,"column":36}},"20":{"start":{"line":57,"column":8},"end":{"line":57,"column":62}},"21":{"start":{"line":58,"column":8},"end":{"line":58,"column":27}},"22":{"start":{"line":61,"column":6},"end":{"line":61,"column":25}},"23":{"start":{"line":62,"column":6},"end":{"line":62,"column":25}},"24":{"start":{"line":66,"column":23},"end":{"line":68,"column":3}},"25":{"start":{"line":67,"column":4},"end":{"line":67,"column":41}},"26":{"start":{"line":70,"column":2},"end":{"line":216,"column":4}},"27":{"start":{"line":115,"column":16},"end":{"line":115,"column":45}},"28":{"start":{"line":189,"column":29},"end":{"line":189,"column":39}},"29":{"start":{"line":7,"column":0},"end":{"line":7,"column":24}}},"fnMap":{"0":{"name":"ReservationForm","decl":{"start":{"line":7,"column":24},"end":{"line":7,"column":39}},"loc":{"start":{"line":12,"column":23},"end":{"line":217,"column":1}}},"1":{"name":"(anonymous_1)","decl":{"start":{"line":27,"column":12},"end":{"line":27,"column":15}},"loc":{"start":{"line":27,"column":17},"end":{"line":36,"column":3}}},"2":{"name":"(anonymous_2)","decl":{"start":{"line":38,"column":24},"end":{"line":38,"column":29}},"loc":{"start":{"line":38,"column":70},"end":{"line":64,"column":3}}},"3":{"name":"(anonymous_3)","decl":{"start":{"line":66,"column":23},"end":{"line":66,"column":26}},"loc":{"start":{"line":66,"column":28},"end":{"line":68,"column":3}}},"4":{"name":"(anonymous_4)","decl":{"start":{"line":114,"column":33},"end":{"line":114,"column":34}},"loc":{"start":{"line":115,"column":16},"end":{"line":115,"column":45}}},"5":{"name":"(anonymous_5)","decl":{"start":{"line":189,"column":22},"end":{"line":189,"column":23}},"loc":{"start":{"line":189,"column":29},"end":{"line":189,"column":39}}}},"branchMap":{"0":{"loc":{"start":{"line":28,"column":4},"end":{"line":35,"column":5}},"type":"if","locations":[{"start":{"line":28,"column":4},"end":{"line":35,"column":5}}]},"1":{"loc":{"start":{"line":39,"column":4},"end":{"line":63,"column":5}},"type":"if","locations":[{"start":{"line":39,"column":4},"end":{"line":63,"column":5}},{"start":{"line":60,"column":11},"end":{"line":63,"column":5}}]},"2":{"loc":{"start":{"line":40,"column":6},"end":{"line":47,"column":22}},"type":"binary-expr","locations":[{"start":{"line":40,"column":6},"end":{"line":40,"column":13}},{"start":{"line":41,"column":6},"end":{"line":41,"column":10}},{"start":{"line":42,"column":6},"end":{"line":42,"column":10}},{"start":{"line":43,"column":6},"end":{"line":43,"column":20}},{"start":{"line":44,"column":6},"end":{"line":44,"column":10}},{"start":{"line":45,"column":6},"end":{"line":45,"column":11}},{"start":{"line":46,"column":6},"end":{"line":46,"column":17}},{"start":{"line":47,"column":6},"end":{"line":47,"column":22}}]},"3":{"loc":{"start":{"line":51,"column":8},"end":{"line":55,"column":9}},"type":"if","locations":[{"start":{"line":51,"column":8},"end":{"line":55,"column":9}}]},"4":{"loc":{"start":{"line":113,"column":13},"end":{"line":118,"column":16}},"type":"binary-expr","locations":[{"start":{"line":113,"column":13},"end":{"line":113,"column":17}},{"start":{"line":114,"column":14},"end":{"line":118,"column":16}}]},"5":{"loc":{"start":{"line":194,"column":28},"end":{"line":194,"column":56}},"type":"cond-expr","locations":[{"start":{"line":194,"column":40},"end":{"line":194,"column":47}},{"start":{"line":194,"column":50},"end":{"line":194,"column":56}}]}},"s":{"0":1,"1":1,"2":1,"3":1,"4":1,"5":1,"6":1,"7":1,"8":1,"9":0,"10":0,"11":0,"12":1,"13":0,"14":0,"15":0,"16":0,"17":0,"18":0,"19":0,"20":0,"21":0,"22":0,"23":0,"24":1,"25":0,"26":1,"27":0,"28":0,"29":1},"f":{"0":1,"1":1,"2":0,"3":0,"4":0,"5":0},"b":{"0":[0],"1":[0,0],"2":[0,0,0,0,0,0,0,0],"3":[0],"4":[1,0],"5":[0,1]}}
,"C:\\Users\\THINKPAD-I5 Pro EVO\\Desktop\\Software developtment\\react-projects\\src\\components\\Specials\\Specials.tsx": {"path":"C:\\Users\\THINKPAD-I5 Pro EVO\\Desktop\\Software developtment\\react-projects\\src\\components\\Specials\\Specials.tsx","statementMap":{"0":{"start":{"line":2,"column":0},"end":{"line":2,"column":32}},"1":{"start":{"line":3,"column":0},"end":{"line":3,"column":51}},"2":{"start":{"line":4,"column":0},"end":{"line":4,"column":51}},"3":{"start":{"line":5,"column":0},"end":{"line":5,"column":41}},"4":{"start":{"line":6,"column":0},"end":{"line":6,"column":24}},"5":{"start":{"line":9,"column":2},"end":{"line":36,"column":4}},"6":{"start":{"line":8,"column":0},"end":{"line":8,"column":24}}},"fnMap":{"0":{"name":"Specials","decl":{"start":{"line":8,"column":24},"end":{"line":8,"column":32}},"loc":{"start":{"line":8,"column":32},"end":{"line":37,"column":1}}}},"branchMap":{},"s":{"0":0,"1":0,"2":0,"3":0,"4":0,"5":0,"6":0},"f":{"0":0},"b":{}}
,"C:\\Users\\THINKPAD-I5 Pro EVO\\Desktop\\Software developtment\\react-projects\\src\\pages\\BookingPage\\BookingPage.tsx": {"path":"C:\\Users\\THINKPAD-I5 Pro EVO\\Desktop\\Software developtment\\react-projects\\src\\pages\\BookingPage\\BookingPage.tsx","statementMap":{"0":{"start":{"line":1,"column":0},"end":{"line":1,"column":65}},"1":{"start":{"line":2,"column":0},"end":{"line":2,"column":52}},"2":{"start":{"line":3,"column":0},"end":{"line":3,"column":52}},"3":{"start":{"line":4,"column":0},"end":{"line":4,"column":79}},"4":{"start":{"line":5,"column":0},"end":{"line":5,"column":60}},"5":{"start":{"line":8,"column":34},"end":{"line":18,"column":4}},"6":{"start":{"line":20,"column":42},"end":{"line":22,"column":null}},"7":{"start":{"line":25,"column":23},"end":{"line":30,"column":3}},"8":{"start":{"line":28,"column":28},"end":{"line":28,"column":36}},"9":{"start":{"line":29,"column":4},"end":{"line":29,"column":64}},"10":{"start":{"line":29,"column":31},"end":{"line":29,"column":61}},"11":{"start":{"line":32,"column":2},"end":{"line":45,"column":4}},"12":{"start":{"line":7,"column":0},"end":{"line":7,"column":24}}},"fnMap":{"0":{"name":"BookingPage","decl":{"start":{"line":7,"column":24},"end":{"line":7,"column":35}},"loc":{"start":{"line":7,"column":35},"end":{"line":46,"column":1}}},"1":{"name":"(anonymous_8)","decl":{"start":{"line":25,"column":23},"end":{"line":25,"column":null}},"loc":{"start":{"line":27,"column":6},"end":{"line":30,"column":3}}},"2":{"name":"(anonymous_9)","decl":{"start":{"line":29,"column":16},"end":{"line":29,"column":17}},"loc":{"start":{"line":29,"column":31},"end":{"line":29,"column":61}}}},"branchMap":{},"s":{"0":0,"1":0,"2":0,"3":0,"4":0,"5":0,"6":0,"7":0,"8":0,"9":0,"10":0,"11":0,"12":0},"f":{"0":0,"1":0,"2":0},"b":{}}
,"C:\\Users\\THINKPAD-I5 Pro EVO\\Desktop\\Software developtment\\react-projects\\src\\pages\\BookingPage\\fakeAPI.ts": {"path":"C:\\Users\\THINKPAD-I5 Pro EVO\\Desktop\\Software developtment\\react-projects\\src\\pages\\BookingPage\\fakeAPI.ts","statementMap":{"0":{"start":{"line":4,"column":21},"end":{"line":10,"column":1}},"1":{"start":{"line":5,"column":12},"end":{"line":5,"column":24}},"2":{"start":{"line":6,"column":12},"end":{"line":6,"column":18}},"3":{"start":{"line":7,"column":10},"end":{"line":7,"column":18}},"4":{"start":{"line":9,"column":2},"end":{"line":9,"column":37}},"5":{"start":{"line":9,"column":15},"end":{"line":9,"column":36}},"6":{"start":{"line":12,"column":17},"end":{"line":22,"column":1}},"7":{"start":{"line":13,"column":27},"end":{"line":13,"column":29}},"8":{"start":{"line":14,"column":17},"end":{"line":14,"column":45}},"9":{"start":{"line":16,"column":2},"end":{"line":19,"column":3}},"10":{"start":{"line":16,"column":15},"end":{"line":16,"column":17}},"11":{"start":{"line":17,"column":4},"end":{"line":17,"column":47}},"12":{"start":{"line":17,"column":24},"end":{"line":17,"column":47}},"13":{"start":{"line":18,"column":4},"end":{"line":18,"column":47}},"14":{"start":{"line":18,"column":24},"end":{"line":18,"column":47}},"15":{"start":{"line":21,"column":2},"end":{"line":21,"column":16}},"16":{"start":{"line":28,"column":9},"end":{"line":28,"column":17}},"17":{"start":{"line":24,"column":18},"end":{"line":26,"column":1}},"18":{"start":{"line":25,"column":2},"end":{"line":25,"column":14}},"19":{"start":{"line":28,"column":19},"end":{"line":28,"column":28}}},"fnMap":{"0":{"name":"(anonymous_0)","decl":{"start":{"line":4,"column":21},"end":{"line":4,"column":22}},"loc":{"start":{"line":4,"column":54},"end":{"line":10,"column":1}}},"1":{"name":"(anonymous_1)","decl":{"start":{"line":9,"column":9},"end":{"line":9,"column":12}},"loc":{"start":{"line":9,"column":15},"end":{"line":9,"column":36}}},"2":{"name":"(anonymous_2)","decl":{"start":{"line":12,"column":17},"end":{"line":12,"column":18}},"loc":{"start":{"line":12,"column":42},"end":{"line":22,"column":1}}},"3":{"name":"(anonymous_3)","decl":{"start":{"line":24,"column":18},"end":{"line":24,"column":19}},"loc":{"start":{"line":24,"column":50},"end":{"line":26,"column":1}}}},"branchMap":{"0":{"loc":{"start":{"line":17,"column":4},"end":{"line":17,"column":47}},"type":"if","locations":[{"start":{"line":17,"column":4},"end":{"line":17,"column":47}}]},"1":{"loc":{"start":{"line":18,"column":4},"end":{"line":18,"column":47}},"type":"if","locations":[{"start":{"line":18,"column":4},"end":{"line":18,"column":47}}]}},"s":{"0":2,"1":0,"2":0,"3":0,"4":0,"5":0,"6":2,"7":0,"8":0,"9":0,"10":0,"11":0,"12":0,"13":0,"14":0,"15":0,"16":2,"17":2,"18":0,"19":2},"f":{"0":0,"1":0,"2":0,"3":0},"b":{"0":[0],"1":[0]}}
,"C:\\Users\\THINKPAD-I5 Pro EVO\\Desktop\\Software developtment\\react-projects\\src\\pages\\BookingPage\\reducer.ts": {"path":"C:\\Users\\THINKPAD-I5 Pro EVO\\Desktop\\Software developtment\\react-projects\\src\\pages\\BookingPage\\reducer.ts","statementMap":{"0":{"start":{"line":1,"column":0},"end":{"line":1,"column":37}},"1":{"start":{"line":3,"column":26},"end":{"line":7,"column":2}},"2":{"start":{"line":67,"column":23},"end":{"line":67,"column":40}},"3":{"start":{"line":24,"column":21},"end":{"line":65,"column":1}},"4":{"start":{"line":28,"column":2},"end":{"line":64,"column":3}},"5":{"start":{"line":30,"column":26},"end":{"line":30,"column":36}},"6":{"start":{"line":31,"column":28},"end":{"line":33,"column":33}},"7":{"start":{"line":35,"column":29},"end":{"line":35,"column":62}},"8":{"start":{"line":37,"column":29},"end":{"line":40,"column":9}},"9":{"start":{"line":37,"column":66},"end":{"line":40,"column":8}},"10":{"start":{"line":42,"column":6},"end":{"line":42,"column":28}},"11":{"start":{"line":45,"column":27},"end":{"line":46,"column":null}},"12":{"start":{"line":46,"column":18},"end":{"line":46,"column":51}},"13":{"start":{"line":48,"column":6},"end":{"line":48,"column":26}},"14":{"start":{"line":51,"column":29},"end":{"line":53,"column":30}},"15":{"start":{"line":55,"column":29},"end":{"line":58,"column":9}},"16":{"start":{"line":55,"column":66},"end":{"line":58,"column":8}},"17":{"start":{"line":60,"column":6},"end":{"line":60,"column":28}},"18":{"start":{"line":63,"column":6},"end":{"line":63,"column":19}},"19":{"start":{"line":67,"column":9},"end":{"line":67,"column":21}}},"fnMap":{"0":{"name":"(anonymous_0)","decl":{"start":{"line":24,"column":21},"end":{"line":24,"column":null}},"loc":{"start":{"line":27,"column":36},"end":{"line":65,"column":1}}},"1":{"name":"(anonymous_1)","decl":{"start":{"line":37,"column":48},"end":{"line":37,"column":49}},"loc":{"start":{"line":37,"column":66},"end":{"line":40,"column":8}}},"2":{"name":"(anonymous_2)","decl":{"start":{"line":46,"column":8},"end":{"line":46,"column":9}},"loc":{"start":{"line":46,"column":18},"end":{"line":46,"column":51}}},"3":{"name":"(anonymous_3)","decl":{"start":{"line":55,"column":48},"end":{"line":55,"column":49}},"loc":{"start":{"line":55,"column":66},"end":{"line":58,"column":8}}}},"branchMap":{"0":{"loc":{"start":{"line":28,"column":2},"end":{"line":64,"column":3}},"type":"switch","locations":[{"start":{"line":29,"column":4},"end":{"line":43,"column":5}},{"start":{"line":44,"column":4},"end":{"line":49,"column":5}},{"start":{"line":50,"column":4},"end":{"line":61,"column":5}},{"start":{"line":62,"column":4},"end":{"line":63,"column":19}}]},"1":{"loc":{"start":{"line":51,"column":29},"end":{"line":53,"column":30}},"type":"cond-expr","locations":[{"start":{"line":52,"column":10},"end":{"line":52,"column":41}},{"start":{"line":53,"column":10},"end":{"line":53,"column":30}}]}},"s":{"0":1,"1":1,"2":1,"3":1,"4":2,"5":0,"6":0,"7":0,"8":0,"9":0,"10":0,"11":1,"12":3,"13":1,"14":0,"15":0,"16":0,"17":0,"18":1,"19":1},"f":{"0":2,"1":0,"2":3,"3":0},"b":{"0":[0,1,0,1],"1":[0,0]}}
,"C:\\Users\\THINKPAD-I5 Pro EVO\\Desktop\\Software developtment\\react-projects\\src\\pages\\ConfirmedBooking\\ConfirmedBooking.tsx": {"path":"C:\\Users\\THINKPAD-I5 Pro EVO\\Desktop\\Software developtment\\react-projects\\src\\pages\\ConfirmedBooking\\ConfirmedBooking.tsx","statementMap":{"0":{"start":{"line":1,"column":0},"end":{"line":1,"column":26}},"1":{"start":{"line":2,"column":0},"end":{"line":2,"column":52}},"2":{"start":{"line":3,"column":0},"end":{"line":3,"column":52}},"3":{"start":{"line":4,"column":0},"end":{"line":4,"column":32}},"4":{"start":{"line":7,"column":2},"end":{"line":17,"column":4}},"5":{"start":{"line":6,"column":0},"end":{"line":6,"column":24}}},"fnMap":{"0":{"name":"ConfirmedBooking","decl":{"start":{"line":6,"column":24},"end":{"line":6,"column":40}},"loc":{"start":{"line":6,"column":40},"end":{"line":18,"column":1}}}},"branchMap":{},"s":{"0":0,"1":0,"2":0,"3":0,"4":0,"5":0},"f":{"0":0},"b":{}}
,"C:\\Users\\THINKPAD-I5 Pro EVO\\Desktop\\Software developtment\\react-projects\\src\\pages\\HomePage\\HomePage.tsx": {"path":"C:\\Users\\THINKPAD-I5 Pro EVO\\Desktop\\Software developtment\\react-projects\\src\\pages\\HomePage\\HomePage.tsx","statementMap":{"0":{"start":{"line":1,"column":0},"end":{"line":1,"column":26}},"1":{"start":{"line":2,"column":0},"end":{"line":2,"column":70}},"2":{"start":{"line":3,"column":0},"end":{"line":3,"column":55}},"3":{"start":{"line":4,"column":0},"end":{"line":4,"column":68}},"4":{"start":{"line":5,"column":0},"end":{"line":5,"column":52}},"5":{"start":{"line":6,"column":0},"end":{"line":6,"column":52}},"6":{"start":{"line":7,"column":0},"end":{"line":7,"column":58}},"7":{"start":{"line":8,"column":0},"end":{"line":8,"column":24}},"8":{"start":{"line":11,"column":2},"end":{"line":26,"column":4}},"9":{"start":{"line":10,"column":0},"end":{"line":10,"column":24}}},"fnMap":{"0":{"name":"HomePage","decl":{"start":{"line":10,"column":24},"end":{"line":10,"column":32}},"loc":{"start":{"line":10,"column":32},"end":{"line":27,"column":1}}}},"branchMap":{},"s":{"0":0,"1":0,"2":0,"3":0,"4":0,"5":0,"6":0,"7":0,"8":0,"9":0},"f":{"0":0},"b":{}}
}
