{"C:\\Users\\THINKPAD-I5 Pro EVO\\Desktop\\Software developtment\\react-projects\\src\\App.tsx": {"path":"C:\\Users\\THINKPAD-I5 Pro EVO\\Desktop\\Software developtment\\react-projects\\src\\App.tsx","statementMap":{"0":{"start":{"line":1,"column":0},"end":{"line":1,"column":64}},"1":{"start":{"line":2,"column":0},"end":{"line":2,"column":58}},"2":{"start":{"line":3,"column":0},"end":{"line":3,"column":49}},"3":{"start":{"line":6,"column":2},"end":{"line":15,"column":4}},"4":{"start":{"line":5,"column":0},"end":{"line":5,"column":24}}},"fnMap":{"0":{"name":"App","decl":{"start":{"line":5,"column":24},"end":{"line":5,"column":27}},"loc":{"start":{"line":5,"column":27},"end":{"line":16,"column":1}}}},"branchMap":{},"s":{"0":0,"1":0,"2":0,"3":0,"4":0},"f":{"0":0},"b":{}}
,"C:\\Users\\THINKPAD-I5 Pro EVO\\Desktop\\Software developtment\\react-projects\\src\\main.tsx": {"path":"C:\\Users\\THINKPAD-I5 Pro EVO\\Desktop\\Software developtment\\react-projects\\src\\main.tsx","statementMap":{"0":{"start":{"line":1,"column":0},"end":{"line":1,"column":26}},"1":{"start":{"line":2,"column":0},"end":{"line":2,"column":40}},"2":{"start":{"line":3,"column":0},"end":{"line":3,"column":24}},"3":{"start":{"line":4,"column":0},"end":{"line":4,"column":69}},"4":{"start":{"line":5,"column":0},"end":{"line":5,"column":66}},"5":{"start":{"line":7,"column":0},"end":{"line":13,"column":2}}},"fnMap":{},"branchMap":{},"s":{"0":0,"1":0,"2":0,"3":0,"4":0,"5":0},"f":{},"b":{}}
,"C:\\Users\\THINKPAD-I5 Pro EVO\\Desktop\\Software developtment\\react-projects\\src\\vite-env.d.ts": {"path":"C:\\Users\\THINKPAD-I5 Pro EVO\\Desktop\\Software developtment\\react-projects\\src\\vite-env.d.ts","statementMap":{},"fnMap":{},"branchMap":{},"s":{},"f":{},"b":{}}
,"C:\\Users\\THINKPAD-I5 Pro EVO\\Desktop\\Software developtment\\react-projects\\src\\components\\CallToAction\\CallToAction.tsx": {"path":"C:\\Users\\THINKPAD-I5 Pro EVO\\Desktop\\Software developtment\\react-projects\\src\\components\\CallToAction\\CallToAction.tsx","statementMap":{"0":{"start":{"line":2,"column":0},"end":{"line":2,"column":28}},"1":{"start":{"line":3,"column":0},"end":{"line":3,"column":40}},"2":{"start":{"line":10,"column":2},"end":{"line":18,"column":4}},"3":{"start":{"line":5,"column":0},"end":{"line":5,"column":24}}},"fnMap":{"0":{"name":"CallToAction","decl":{"start":{"line":5,"column":24},"end":{"line":5,"column":36}},"loc":{"start":{"line":9,"column":14},"end":{"line":19,"column":1}}}},"branchMap":{"0":{"loc":{"start":{"line":13,"column":7},"end":{"line":13,"column":75}},"type":"binary-expr","locations":[{"start":{"line":13,"column":7},"end":{"line":13,"column":24}},{"start":{"line":13,"column":28},"end":{"line":13,"column":75}}]},"1":{"loc":{"start":{"line":15,"column":9},"end":{"line":15,"column":32}},"type":"binary-expr","locations":[{"start":{"line":15,"column":9},"end":{"line":15,"column":19}},{"start":{"line":15,"column":23},"end":{"line":15,"column":32}}]}},"s":{"0":0,"1":0,"2":0,"3":0},"f":{"0":0},"b":{"0":[0,0],"1":[0,0]}}
,"C:\\Users\\THINKPAD-I5 Pro EVO\\Desktop\\Software developtment\\react-projects\\src\\components\\Card\\Card.tsx": {"path":"C:\\Users\\THINKPAD-I5 Pro EVO\\Desktop\\Software developtment\\react-projects\\src\\components\\Card\\Card.tsx","statementMap":{"0":{"start":{"line":2,"column":0},"end":{"line":2,"column":20}},"1":{"start":{"line":6,"column":2},"end":{"line":16,"column":4}},"2":{"start":{"line":5,"column":0},"end":{"line":5,"column":24}}},"fnMap":{"0":{"name":"Card","decl":{"start":{"line":5,"column":24},"end":{"line":5,"column":28}},"loc":{"start":{"line":5,"column":76},"end":{"line":17,"column":1}}}},"branchMap":{},"s":{"0":0,"1":0,"2":0},"f":{"0":0},"b":{}}
,"C:\\Users\\THINKPAD-I5 Pro EVO\\Desktop\\Software developtment\\react-projects\\src\\components\\Chicago\\Chicago.tsx": {"path":"C:\\Users\\THINKPAD-I5 Pro EVO\\Desktop\\Software developtment\\react-projects\\src\\components\\Chicago\\Chicago.tsx","statementMap":{"0":{"start":{"line":1,"column":0},"end":{"line":1,"column":26}},"1":{"start":{"line":2,"column":0},"end":{"line":2,"column":45}},"2":{"start":{"line":3,"column":0},"end":{"line":3,"column":45}},"3":{"start":{"line":4,"column":0},"end":{"line":4,"column":23}},"4":{"start":{"line":7,"column":2},"end":{"line":27,"column":4}},"5":{"start":{"line":6,"column":0},"end":{"line":6,"column":24}}},"fnMap":{"0":{"name":"Chicago","decl":{"start":{"line":6,"column":24},"end":{"line":6,"column":31}},"loc":{"start":{"line":6,"column":31},"end":{"line":28,"column":1}}}},"branchMap":{},"s":{"0":0,"1":0,"2":0,"3":0,"4":0,"5":0},"f":{"0":0},"b":{}}
,"C:\\Users\\THINKPAD-I5 Pro EVO\\Desktop\\Software developtment\\react-projects\\src\\components\\CustomersSay\\CustomerSay.tsx": {"path":"C:\\Users\\THINKPAD-I5 Pro EVO\\Desktop\\Software developtment\\react-projects\\src\\components\\CustomersSay\\CustomerSay.tsx","statementMap":{"0":{"start":{"line":2,"column":0},"end":{"line":2,"column":27}},"1":{"start":{"line":5,"column":2},"end":{"line":14,"column":4}},"2":{"start":{"line":4,"column":0},"end":{"line":4,"column":24}}},"fnMap":{"0":{"name":"CustomerSay","decl":{"start":{"line":4,"column":24},"end":{"line":4,"column":35}},"loc":{"start":{"line":4,"column":35},"end":{"line":15,"column":1}}}},"branchMap":{},"s":{"0":0,"1":0,"2":0},"f":{"0":0},"b":{}}
,"C:\\Users\\THINKPAD-I5 Pro EVO\\Desktop\\Software developtment\\react-projects\\src\\components\\ErrorBoundary\\ErrorBoundary.tsx": {"path":"C:\\Users\\THINKPAD-I5 Pro EVO\\Desktop\\Software developtment\\react-projects\\src\\components\\ErrorBoundary\\ErrorBoundary.tsx","statementMap":{"0":{"start":{"line":2,"column":0},"end":{"line":2,"column":41}},"1":{"start":{"line":10,"column":4},"end":{"line":10,"column":17}},"2":{"start":{"line":11,"column":4},"end":{"line":11,"column":37}},"3":{"start":{"line":15,"column":4},"end":{"line":15,"column":36}},"4":{"start":{"line":16,"column":4},"end":{"line":16,"column":30}},"5":{"start":{"line":20,"column":4},"end":{"line":20,"column":43}},"6":{"start":{"line":21,"column":4},"end":{"line":21,"column":58}},"7":{"start":{"line":22,"column":4},"end":{"line":22,"column":38}},"8":{"start":{"line":26,"column":4},"end":{"line":28,"column":5}},"9":{"start":{"line":27,"column":6},"end":{"line":27,"column":33}},"10":{"start":{"line":30,"column":4},"end":{"line":30,"column":31}},"11":{"start":{"line":5,"column":0},"end":{"line":5,"column":21}}},"fnMap":{"0":{"name":"(anonymous_0)","decl":{"start":{"line":9,"column":2},"end":{"line":9,"column":14}},"loc":{"start":{"line":9,"column":39},"end":{"line":12,"column":3}}},"1":{"name":"(anonymous_1)","decl":{"start":{"line":14,"column":2},"end":{"line":14,"column":8}},"loc":{"start":{"line":14,"column":46},"end":{"line":17,"column":3}}},"2":{"name":"(anonymous_2)","decl":{"start":{"line":19,"column":2},"end":{"line":19,"column":19}},"loc":{"start":{"line":19,"column":60},"end":{"line":23,"column":3}}},"3":{"name":"(anonymous_3)","decl":{"start":{"line":25,"column":2},"end":{"line":25,"column":8}},"loc":{"start":{"line":25,"column":8},"end":{"line":31,"column":3}}}},"branchMap":{"0":{"loc":{"start":{"line":26,"column":4},"end":{"line":28,"column":5}},"type":"if","locations":[{"start":{"line":26,"column":4},"end":{"line":28,"column":5}}]}},"s":{"0":0,"1":0,"2":0,"3":0,"4":0,"5":0,"6":0,"7":0,"8":0,"9":0,"10":0,"11":0},"f":{"0":0,"1":0,"2":0,"3":0},"b":{"0":[0]}}
,"C:\\Users\\THINKPAD-I5 Pro EVO\\Desktop\\Software developtment\\react-projects\\src\\components\\ErrorMessage\\ErrorMessage.tsx": {"path":"C:\\Users\\THINKPAD-I5 Pro EVO\\Desktop\\Software developtment\\react-projects\\src\\components\\ErrorMessage\\ErrorMessage.tsx","statementMap":{"0":{"start":{"line":1,"column":0},"end":{"line":1,"column":28}},"1":{"start":{"line":4,"column":2},"end":{"line":8,"column":4}},"2":{"start":{"line":3,"column":0},"end":{"line":3,"column":24}}},"fnMap":{"0":{"name":"ErrorMessage","decl":{"start":{"line":3,"column":24},"end":{"line":3,"column":36}},"loc":{"start":{"line":3,"column":36},"end":{"line":9,"column":1}}}},"branchMap":{},"s":{"0":0,"1":0,"2":0},"f":{"0":0},"b":{}}
,"C:\\Users\\THINKPAD-I5 Pro EVO\\Desktop\\Software developtment\\react-projects\\src\\components\\Footer\\Footer.tsx": {"path":"C:\\Users\\THINKPAD-I5 Pro EVO\\Desktop\\Software developtment\\react-projects\\src\\components\\Footer\\Footer.tsx","statementMap":{"0":{"start":{"line":2,"column":0},"end":{"line":2,"column":43}},"1":{"start":{"line":3,"column":0},"end":{"line":3,"column":22}},"2":{"start":{"line":6,"column":2},"end":{"line":59,"column":4}},"3":{"start":{"line":5,"column":0},"end":{"line":5,"column":24}}},"fnMap":{"0":{"name":"Footer","decl":{"start":{"line":5,"column":24},"end":{"line":5,"column":30}},"loc":{"start":{"line":5,"column":30},"end":{"line":60,"column":1}}}},"branchMap":{},"s":{"0":0,"1":0,"2":0,"3":0},"f":{"0":0},"b":{}}
,"C:\\Users\\THINKPAD-I5 Pro EVO\\Desktop\\Software developtment\\react-projects\\src\\components\\Header\\Header.tsx": {"path":"C:\\Users\\THINKPAD-I5 Pro EVO\\Desktop\\Software developtment\\react-projects\\src\\components\\Header\\Header.tsx","statementMap":{"0":{"start":{"line":2,"column":0},"end":{"line":2,"column":38}},"1":{"start":{"line":3,"column":0},"end":{"line":3,"column":41}},"2":{"start":{"line":4,"column":0},"end":{"line":4,"column":22}},"3":{"start":{"line":7,"column":2},"end":{"line":20,"column":4}},"4":{"start":{"line":6,"column":0},"end":{"line":6,"column":24}}},"fnMap":{"0":{"name":"Header","decl":{"start":{"line":6,"column":24},"end":{"line":6,"column":30}},"loc":{"start":{"line":6,"column":30},"end":{"line":21,"column":1}}}},"branchMap":{},"s":{"0":0,"1":0,"2":0,"3":0,"4":0},"f":{"0":0},"b":{}}
,"C:\\Users\\THINKPAD-I5 Pro EVO\\Desktop\\Software developtment\\react-projects\\src\\components\\NavBar\\NavBar.tsx": {"path":"C:\\Users\\THINKPAD-I5 Pro EVO\\Desktop\\Software developtment\\react-projects\\src\\components\\NavBar\\NavBar.tsx","statementMap":{"0":{"start":{"line":2,"column":0},"end":{"line":2,"column":26}},"1":{"start":{"line":3,"column":0},"end":{"line":3,"column":22}},"2":{"start":{"line":4,"column":0},"end":{"line":4,"column":40}},"3":{"start":{"line":12,"column":2},"end":{"line":35,"column":4}},"4":{"start":{"line":24,"column":12},"end":{"line":26,"column":null}},"5":{"start":{"line":11,"column":0},"end":{"line":11,"column":24}}},"fnMap":{"0":{"name":"NavBar","decl":{"start":{"line":11,"column":24},"end":{"line":11,"column":30}},"loc":{"start":{"line":11,"column":61},"end":{"line":36,"column":1}}},"1":{"name":"(anonymous_2)","decl":{"start":{"line":23,"column":20},"end":{"line":23,"column":21}},"loc":{"start":{"line":24,"column":12},"end":{"line":26,"column":null}}}},"branchMap":{},"s":{"0":0,"1":0,"2":0,"3":0,"4":0,"5":0},"f":{"0":0,"1":0},"b":{}}
,"C:\\Users\\THINKPAD-I5 Pro EVO\\Desktop\\Software developtment\\react-projects\\src\\components\\ReservationForm\\ReservationForm.tsx": {"path":"C:\\Users\\THINKPAD-I5 Pro EVO\\Desktop\\Software developtment\\react-projects\\src\\components\\ReservationForm\\ReservationForm.tsx","statementMap":{"0":{"start":{"line":2,"column":0},"end":{"line":2,"column":31}},"1":{"start":{"line":21,"column":6},"end":{"line":21,"column":10}},"2":{"start":{"line":23,"column":24},"end":{"line":25,"column":3}},"3":{"start":{"line":24,"column":4},"end":{"line":24,"column":35}},"4":{"start":{"line":27,"column":23},"end":{"line":29,"column":3}},"5":{"start":{"line":28,"column":4},"end":{"line":28,"column":41}},"6":{"start":{"line":31,"column":2},"end":{"line":170,"column":4}},"7":{"start":{"line":75,"column":14},"end":{"line":75,"column":43}},"8":{"start":{"line":5,"column":0},"end":{"line":5,"column":24}}},"fnMap":{"0":{"name":"ReservationForm","decl":{"start":{"line":5,"column":24},"end":{"line":5,"column":39}},"loc":{"start":{"line":10,"column":23},"end":{"line":171,"column":1}}},"1":{"name":"(anonymous_1)","decl":{"start":{"line":23,"column":24},"end":{"line":23,"column":27}},"loc":{"start":{"line":23,"column":29},"end":{"line":25,"column":3}}},"2":{"name":"(anonymous_2)","decl":{"start":{"line":27,"column":23},"end":{"line":27,"column":26}},"loc":{"start":{"line":27,"column":28},"end":{"line":29,"column":3}}},"3":{"name":"(anonymous_3)","decl":{"start":{"line":74,"column":32},"end":{"line":74,"column":33}},"loc":{"start":{"line":75,"column":14},"end":{"line":75,"column":43}}}},"branchMap":{},"s":{"0":1,"1":1,"2":1,"3":0,"4":1,"5":0,"6":1,"7":3,"8":1},"f":{"0":1,"1":0,"2":0,"3":3},"b":{}}
,"C:\\Users\\THINKPAD-I5 Pro EVO\\Desktop\\Software developtment\\react-projects\\src\\components\\Specials\\Specials.tsx": {"path":"C:\\Users\\THINKPAD-I5 Pro EVO\\Desktop\\Software developtment\\react-projects\\src\\components\\Specials\\Specials.tsx","statementMap":{"0":{"start":{"line":2,"column":0},"end":{"line":2,"column":32}},"1":{"start":{"line":3,"column":0},"end":{"line":3,"column":51}},"2":{"start":{"line":4,"column":0},"end":{"line":4,"column":51}},"3":{"start":{"line":5,"column":0},"end":{"line":5,"column":41}},"4":{"start":{"line":6,"column":0},"end":{"line":6,"column":24}},"5":{"start":{"line":9,"column":2},"end":{"line":36,"column":4}},"6":{"start":{"line":8,"column":0},"end":{"line":8,"column":24}}},"fnMap":{"0":{"name":"Specials","decl":{"start":{"line":8,"column":24},"end":{"line":8,"column":32}},"loc":{"start":{"line":8,"column":32},"end":{"line":37,"column":1}}}},"branchMap":{},"s":{"0":0,"1":0,"2":0,"3":0,"4":0,"5":0,"6":0},"f":{"0":0},"b":{}}
,"C:\\Users\\THINKPAD-I5 Pro EVO\\Desktop\\Software developtment\\react-projects\\src\\pages\\BookingPage\\BookingPage.tsx": {"path":"C:\\Users\\THINKPAD-I5 Pro EVO\\Desktop\\Software developtment\\react-projects\\src\\pages\\BookingPage\\BookingPage.tsx","statementMap":{"0":{"start":{"line":1,"column":0},"end":{"line":1,"column":65}},"1":{"start":{"line":2,"column":0},"end":{"line":2,"column":52}},"2":{"start":{"line":3,"column":0},"end":{"line":3,"column":79}},"3":{"start":{"line":4,"column":0},"end":{"line":4,"column":60}},"4":{"start":{"line":7,"column":34},"end":{"line":17,"column":4}},"5":{"start":{"line":19,"column":42},"end":{"line":21,"column":null}},"6":{"start":{"line":24,"column":23},"end":{"line":29,"column":3}},"7":{"start":{"line":27,"column":28},"end":{"line":27,"column":36}},"8":{"start":{"line":28,"column":4},"end":{"line":28,"column":64}},"9":{"start":{"line":28,"column":31},"end":{"line":28,"column":61}},"10":{"start":{"line":31,"column":2},"end":{"line":43,"column":4}},"11":{"start":{"line":6,"column":0},"end":{"line":6,"column":24}}},"fnMap":{"0":{"name":"BookingPage","decl":{"start":{"line":6,"column":24},"end":{"line":6,"column":35}},"loc":{"start":{"line":6,"column":35},"end":{"line":44,"column":1}}},"1":{"name":"(anonymous_8)","decl":{"start":{"line":24,"column":23},"end":{"line":24,"column":null}},"loc":{"start":{"line":26,"column":6},"end":{"line":29,"column":3}}},"2":{"name":"(anonymous_9)","decl":{"start":{"line":28,"column":16},"end":{"line":28,"column":17}},"loc":{"start":{"line":28,"column":31},"end":{"line":28,"column":61}}}},"branchMap":{},"s":{"0":0,"1":0,"2":0,"3":0,"4":0,"5":0,"6":0,"7":0,"8":0,"9":0,"10":0,"11":0},"f":{"0":0,"1":0,"2":0},"b":{}}
,"C:\\Users\\THINKPAD-I5 Pro EVO\\Desktop\\Software developtment\\react-projects\\src\\pages\\BookingPage\\reducer.ts": {"path":"C:\\Users\\THINKPAD-I5 Pro EVO\\Desktop\\Software developtment\\react-projects\\src\\pages\\BookingPage\\reducer.ts","statementMap":{"0":{"start":{"line":1,"column":26},"end":{"line":5,"column":2}},"1":{"start":{"line":31,"column":23},"end":{"line":31,"column":40}},"2":{"start":{"line":15,"column":21},"end":{"line":29,"column":1}},"3":{"start":{"line":19,"column":2},"end":{"line":28,"column":3}},"4":{"start":{"line":21,"column":27},"end":{"line":22,"column":null}},"5":{"start":{"line":22,"column":18},"end":{"line":22,"column":51}},"6":{"start":{"line":24,"column":6},"end":{"line":24,"column":26}},"7":{"start":{"line":27,"column":6},"end":{"line":27,"column":19}},"8":{"start":{"line":31,"column":9},"end":{"line":31,"column":21}}},"fnMap":{"0":{"name":"(anonymous_0)","decl":{"start":{"line":15,"column":21},"end":{"line":15,"column":null}},"loc":{"start":{"line":18,"column":36},"end":{"line":29,"column":1}}},"1":{"name":"(anonymous_1)","decl":{"start":{"line":22,"column":8},"end":{"line":22,"column":9}},"loc":{"start":{"line":22,"column":18},"end":{"line":22,"column":51}}}},"branchMap":{"0":{"loc":{"start":{"line":19,"column":2},"end":{"line":28,"column":3}},"type":"switch","locations":[{"start":{"line":20,"column":4},"end":{"line":25,"column":5}},{"start":{"line":26,"column":4},"end":{"line":27,"column":19}}]}},"s":{"0":1,"1":1,"2":1,"3":2,"4":1,"5":3,"6":1,"7":1,"8":1},"f":{"0":2,"1":3},"b":{"0":[1,1]}}
,"C:\\Users\\THINKPAD-I5 Pro EVO\\Desktop\\Software developtment\\react-projects\\src\\pages\\HomePage\\HomePage.tsx": {"path":"C:\\Users\\THINKPAD-I5 Pro EVO\\Desktop\\Software developtment\\react-projects\\src\\pages\\HomePage\\HomePage.tsx","statementMap":{"0":{"start":{"line":1,"column":0},"end":{"line":1,"column":26}},"1":{"start":{"line":2,"column":0},"end":{"line":2,"column":70}},"2":{"start":{"line":3,"column":0},"end":{"line":3,"column":55}},"3":{"start":{"line":4,"column":0},"end":{"line":4,"column":68}},"4":{"start":{"line":5,"column":0},"end":{"line":5,"column":52}},"5":{"start":{"line":6,"column":0},"end":{"line":6,"column":52}},"6":{"start":{"line":7,"column":0},"end":{"line":7,"column":58}},"7":{"start":{"line":8,"column":0},"end":{"line":8,"column":24}},"8":{"start":{"line":11,"column":2},"end":{"line":26,"column":4}},"9":{"start":{"line":10,"column":0},"end":{"line":10,"column":24}}},"fnMap":{"0":{"name":"HomePage","decl":{"start":{"line":10,"column":24},"end":{"line":10,"column":32}},"loc":{"start":{"line":10,"column":32},"end":{"line":27,"column":1}}}},"branchMap":{},"s":{"0":0,"1":0,"2":0,"3":0,"4":0,"5":0,"6":0,"7":0,"8":0,"9":0},"f":{"0":0},"b":{}}
}
