TN:
SF:src\App.tsx
FN:5,App
FNF:1
FNH:0
FNDA:0,App
DA:1,0
DA:2,0
DA:3,0
DA:5,0
DA:6,0
LF:5
LH:0
BRF:0
BRH:0
end_of_record
TN:
SF:src\main.tsx
FNF:0
FNH:0
DA:1,0
DA:2,0
DA:3,0
DA:4,0
DA:5,0
DA:7,0
LF:6
LH:0
BRF:0
BRH:0
end_of_record
TN:
SF:src\vite-env.d.ts
FNF:0
FNH:0
LF:0
LH:0
BRF:0
BRH:0
end_of_record
TN:
SF:src\components\CallToAction\CallToAction.tsx
FN:5,CallToAction
FNF:1
FNH:0
FNDA:0,CallToAction
DA:2,0
DA:3,0
DA:5,0
DA:10,0
LF:4
LH:0
BRDA:13,0,0,0
BRDA:13,0,1,0
BRDA:15,1,0,0
BRDA:15,1,1,0
BRF:4
BRH:0
end_of_record
TN:
SF:src\components\Card\Card.tsx
FN:5,Card
FNF:1
FNH:0
FNDA:0,Card
DA:2,0
DA:5,0
DA:6,0
LF:3
LH:0
BRF:0
BRH:0
end_of_record
TN:
SF:src\components\Chicago\Chicago.tsx
FN:6,Chicago
FNF:1
FNH:0
FNDA:0,Chicago
DA:1,0
DA:2,0
DA:3,0
DA:4,0
DA:6,0
DA:7,0
LF:6
LH:0
BRF:0
BRH:0
end_of_record
TN:
SF:src\components\CustomersSay\CustomerSay.tsx
FN:4,CustomerSay
FNF:1
FNH:0
FNDA:0,CustomerSay
DA:2,0
DA:4,0
DA:5,0
LF:3
LH:0
BRF:0
BRH:0
end_of_record
TN:
SF:src\components\ErrorBoundary\ErrorBoundary.tsx
FN:9,(anonymous_0)
FN:14,(anonymous_1)
FN:19,(anonymous_2)
FN:25,(anonymous_3)
FNF:4
FNH:0
FNDA:0,(anonymous_0)
FNDA:0,(anonymous_1)
FNDA:0,(anonymous_2)
FNDA:0,(anonymous_3)
DA:2,0
DA:5,0
DA:10,0
DA:11,0
DA:15,0
DA:16,0
DA:20,0
DA:21,0
DA:22,0
DA:26,0
DA:27,0
DA:30,0
LF:12
LH:0
BRDA:26,0,0,0
BRF:1
BRH:0
end_of_record
TN:
SF:src\components\ErrorMessage\ErrorMessage.tsx
FN:3,ErrorMessage
FNF:1
FNH:0
FNDA:0,ErrorMessage
DA:1,0
DA:3,0
DA:4,0
LF:3
LH:0
BRF:0
BRH:0
end_of_record
TN:
SF:src\components\Footer\Footer.tsx
FN:5,Footer
FNF:1
FNH:0
FNDA:0,Footer
DA:2,0
DA:3,0
DA:5,0
DA:6,0
LF:4
LH:0
BRF:0
BRH:0
end_of_record
TN:
SF:src\components\Header\Header.tsx
FN:6,Header
FNF:1
FNH:0
FNDA:0,Header
DA:2,0
DA:3,0
DA:4,0
DA:6,0
DA:7,0
LF:5
LH:0
BRF:0
BRH:0
end_of_record
TN:
SF:src\components\NavBar\NavBar.tsx
FN:11,NavBar
FN:23,(anonymous_2)
FNF:2
FNH:0
FNDA:0,NavBar
FNDA:0,(anonymous_2)
DA:2,0
DA:3,0
DA:4,0
DA:11,0
DA:12,0
DA:24,0
LF:6
LH:0
BRF:0
BRH:0
end_of_record
TN:
SF:src\components\ReservationForm\ReservationForm.tsx
FN:5,ReservationForm
FN:23,(anonymous_1)
FN:27,(anonymous_2)
FN:74,(anonymous_3)
FNF:4
FNH:2
FNDA:1,ReservationForm
FNDA:0,(anonymous_1)
FNDA:0,(anonymous_2)
FNDA:3,(anonymous_3)
DA:2,1
DA:5,1
DA:21,1
DA:23,1
DA:24,0
DA:27,1
DA:28,0
DA:31,1
DA:75,3
LF:9
LH:7
BRF:0
BRH:0
end_of_record
TN:
SF:src\components\Specials\Specials.tsx
FN:8,Specials
FNF:1
FNH:0
FNDA:0,Specials
DA:2,0
DA:3,0
DA:4,0
DA:5,0
DA:6,0
DA:8,0
DA:9,0
LF:7
LH:0
BRF:0
BRH:0
end_of_record
TN:
SF:src\pages\BookingPage\BookingPage.tsx
FN:6,BookingPage
FN:24,(anonymous_8)
FN:28,(anonymous_9)
FNF:3
FNH:0
FNDA:0,BookingPage
FNDA:0,(anonymous_8)
FNDA:0,(anonymous_9)
DA:1,0
DA:2,0
DA:3,0
DA:4,0
DA:6,0
DA:7,0
DA:19,0
DA:24,0
DA:27,0
DA:28,0
DA:31,0
LF:11
LH:0
BRF:0
BRH:0
end_of_record
TN:
SF:src\pages\BookingPage\reducer.ts
FN:15,(anonymous_0)
FN:22,(anonymous_1)
FNF:2
FNH:2
FNDA:2,(anonymous_0)
FNDA:3,(anonymous_1)
DA:1,1
DA:15,1
DA:19,2
DA:21,1
DA:22,3
DA:24,1
DA:27,1
DA:31,1
LF:8
LH:8
BRDA:19,0,0,1
BRDA:19,0,1,1
BRF:2
BRH:2
end_of_record
TN:
SF:src\pages\HomePage\HomePage.tsx
FN:10,HomePage
FNF:1
FNH:0
FNDA:0,HomePage
DA:1,0
DA:2,0
DA:3,0
DA:4,0
DA:5,0
DA:6,0
DA:7,0
DA:8,0
DA:10,0
DA:11,0
LF:10
LH:0
BRF:0
BRH:0
end_of_record
