TN:
SF:src\App.tsx
FN:7,App
FNF:1
FNH:0
FNDA:0,App
DA:1,0
DA:2,0
DA:3,0
DA:4,0
DA:5,0
DA:7,0
DA:8,0
LF:7
LH:0
BRF:0
BRH:0
end_of_record
TN:
SF:src\main.tsx
FNF:0
FNH:0
DA:1,0
DA:2,0
DA:3,0
DA:4,0
DA:5,0
DA:7,0
LF:6
LH:0
BRF:0
BRH:0
end_of_record
TN:
SF:src\vite-env.d.ts
FNF:0
FNH:0
LF:0
LH:0
BRF:0
BRH:0
end_of_record
TN:
SF:src\components\CallToAction\CallToAction.tsx
FN:5,CallToAction
FNF:1
FNH:0
FNDA:0,CallToAction
DA:2,0
DA:3,0
DA:5,0
DA:10,0
LF:4
LH:0
BRDA:13,0,0,0
BRDA:13,0,1,0
BRDA:15,1,0,0
BRDA:15,1,1,0
BRF:4
BRH:0
end_of_record
TN:
SF:src\components\Card\Card.tsx
FN:5,Card
FNF:1
FNH:0
FNDA:0,Card
DA:2,0
DA:5,0
DA:6,0
LF:3
LH:0
BRF:0
BRH:0
end_of_record
TN:
SF:src\components\Chicago\Chicago.tsx
FN:6,Chicago
FNF:1
FNH:0
FNDA:0,Chicago
DA:1,0
DA:2,0
DA:3,0
DA:4,0
DA:6,0
DA:7,0
LF:6
LH:0
BRF:0
BRH:0
end_of_record
TN:
SF:src\components\CustomersSay\CustomerSay.tsx
FN:4,CustomerSay
FNF:1
FNH:0
FNDA:0,CustomerSay
DA:2,0
DA:4,0
DA:5,0
LF:3
LH:0
BRF:0
BRH:0
end_of_record
TN:
SF:src\components\ErrorBoundary\ErrorBoundary.tsx
FN:9,(anonymous_0)
FN:14,(anonymous_1)
FN:19,(anonymous_2)
FN:25,(anonymous_3)
FNF:4
FNH:0
FNDA:0,(anonymous_0)
FNDA:0,(anonymous_1)
FNDA:0,(anonymous_2)
FNDA:0,(anonymous_3)
DA:2,0
DA:5,0
DA:10,0
DA:11,0
DA:15,0
DA:16,0
DA:20,0
DA:21,0
DA:22,0
DA:26,0
DA:27,0
DA:30,0
LF:12
LH:0
BRDA:26,0,0,0
BRF:1
BRH:0
end_of_record
TN:
SF:src\components\ErrorMessage\ErrorMessage.tsx
FN:3,ErrorMessage
FNF:1
FNH:0
FNDA:0,ErrorMessage
DA:1,0
DA:3,0
DA:4,0
LF:3
LH:0
BRF:0
BRH:0
end_of_record
TN:
SF:src\components\Footer\Footer.tsx
FN:5,Footer
FNF:1
FNH:0
FNDA:0,Footer
DA:2,0
DA:3,0
DA:5,0
DA:6,0
LF:4
LH:0
BRF:0
BRH:0
end_of_record
TN:
SF:src\components\Header\Header.tsx
FN:6,Header
FNF:1
FNH:0
FNDA:0,Header
DA:2,0
DA:3,0
DA:4,0
DA:6,0
DA:7,0
LF:5
LH:0
BRF:0
BRH:0
end_of_record
TN:
SF:src\components\NavBar\NavBar.tsx
FN:11,NavBar
FN:23,(anonymous_2)
FNF:2
FNH:0
FNDA:0,NavBar
FNDA:0,(anonymous_2)
DA:2,0
DA:3,0
DA:4,0
DA:11,0
DA:12,0
DA:24,0
LF:6
LH:0
BRF:0
BRH:0
end_of_record
TN:
SF:src\components\ReservationForm\ReservationForm.tsx
FN:7,ReservationForm
FN:27,(anonymous_1)
FN:38,(anonymous_2)
FN:66,(anonymous_3)
FN:114,(anonymous_4)
FN:189,(anonymous_5)
FNF:6
FNH:3
FNDA:2,ReservationForm
FNDA:1,(anonymous_1)
FNDA:1,(anonymous_2)
FNDA:0,(anonymous_3)
FNDA:0,(anonymous_4)
FNDA:0,(anonymous_5)
DA:1,1
DA:2,1
DA:3,1
DA:5,1
DA:7,1
DA:23,2
DA:24,2
DA:25,2
DA:27,2
DA:28,1
DA:29,0
DA:30,0
DA:34,0
DA:38,2
DA:39,1
DA:49,0
DA:50,0
DA:51,0
DA:52,0
DA:53,0
DA:54,0
DA:57,0
DA:58,0
DA:61,1
DA:62,1
DA:66,2
DA:67,0
DA:70,2
DA:115,0
DA:189,0
LF:30
LH:16
BRDA:28,0,0,0
BRDA:39,1,0,0
BRDA:39,1,1,1
BRDA:40,2,0,1
BRDA:40,2,1,0
BRDA:40,2,2,0
BRDA:40,2,3,0
BRDA:40,2,4,0
BRDA:40,2,5,0
BRDA:40,2,6,0
BRDA:40,2,7,0
BRDA:51,3,0,0
BRDA:113,4,0,2
BRDA:113,4,1,0
BRDA:129,5,0,0
BRDA:129,5,1,2
BRDA:194,6,0,1
BRDA:194,6,1,1
BRF:18
BRH:6
end_of_record
TN:
SF:src\components\Specials\Specials.tsx
FN:8,Specials
FNF:1
FNH:0
FNDA:0,Specials
DA:2,0
DA:3,0
DA:4,0
DA:5,0
DA:6,0
DA:8,0
DA:9,0
LF:7
LH:0
BRF:0
BRH:0
end_of_record
TN:
SF:src\pages\BookingPage\BookingPage.tsx
FN:7,BookingPage
FN:25,(anonymous_8)
FN:29,(anonymous_9)
FNF:3
FNH:0
FNDA:0,BookingPage
FNDA:0,(anonymous_8)
FNDA:0,(anonymous_9)
DA:1,0
DA:2,0
DA:3,0
DA:4,0
DA:5,0
DA:7,0
DA:8,0
DA:20,0
DA:25,0
DA:28,0
DA:29,0
DA:32,0
LF:12
LH:0
BRF:0
BRH:0
end_of_record
TN:
SF:src\pages\BookingPage\reducer.ts
FN:24,(anonymous_0)
FN:36,(anonymous_1)
FN:45,(anonymous_2)
FN:54,(anonymous_3)
FNF:4
FNH:2
FNDA:2,(anonymous_0)
FNDA:0,(anonymous_1)
FNDA:3,(anonymous_2)
FNDA:0,(anonymous_3)
DA:1,1
DA:3,1
DA:24,1
DA:28,2
DA:30,0
DA:31,0
DA:34,0
DA:36,0
DA:41,0
DA:44,1
DA:45,3
DA:47,1
DA:50,0
DA:54,0
DA:59,0
DA:62,1
DA:66,1
LF:17
LH:9
BRDA:28,0,0,0
BRDA:28,0,1,1
BRDA:28,0,2,0
BRDA:28,0,3,1
BRDA:50,1,0,0
BRDA:50,1,1,0
BRF:6
BRH:2
end_of_record
TN:
SF:src\pages\ConfirmedBooking\ConfirmedBooking.tsx
FN:6,ConfirmedBooking
FNF:1
FNH:0
FNDA:0,ConfirmedBooking
DA:1,0
DA:2,0
DA:3,0
DA:4,0
DA:6,0
DA:7,0
LF:6
LH:0
BRF:0
BRH:0
end_of_record
TN:
SF:src\pages\HomePage\HomePage.tsx
FN:10,HomePage
FNF:1
FNH:0
FNDA:0,HomePage
DA:1,0
DA:2,0
DA:3,0
DA:4,0
DA:5,0
DA:6,0
DA:7,0
DA:8,0
DA:10,0
DA:11,0
LF:10
LH:0
BRF:0
BRH:0
end_of_record
TN:
SF:src\pages\UnderConstruction\UnderConstruction.tsx
FN:6,UnderConstruction
FNF:1
FNH:0
FNDA:0,UnderConstruction
DA:1,0
DA:2,0
DA:3,0
DA:4,0
DA:6,0
DA:7,0
LF:6
LH:0
BRF:0
BRH:0
end_of_record
TN:
SF:src\utils\fakeAPI.ts
FN:4,(anonymous_0)
FN:9,(anonymous_1)
FN:12,(anonymous_2)
FN:24,(anonymous_3)
FNF:4
FNH:0
FNDA:0,(anonymous_0)
FNDA:0,(anonymous_1)
FNDA:0,(anonymous_2)
FNDA:0,(anonymous_3)
DA:4,2
DA:5,0
DA:6,0
DA:7,0
DA:9,0
DA:12,2
DA:13,0
DA:14,0
DA:16,0
DA:17,0
DA:18,0
DA:21,0
DA:24,2
DA:25,0
DA:28,2
LF:15
LH:4
BRDA:17,0,0,0
BRDA:18,1,0,0
BRF:2
BRH:0
end_of_record
